<?xml version="1.0" encoding="UTF-8"?>
<!-- Generated by org.testng.reporters.JUnitXMLReporter -->
<testsuite ignored="0" hostname="DESKTOP-E99392L" failures="0" tests="6" name="Default test" time="30.766" errors="0" timestamp="2022-07-28T18:16:57 IST">
  <testcase classname="com.AddactinProject.Addactin" name="setproperty" time="11.349"/>
  <testcase classname="com.AddactinProject.Addactin" name="book_hotel" time="3.744"/>
  <testcase classname="com.AddactinProject.Addactin" name="search" time="4.685"/>
  <testcase classname="com.AddactinProject.Addactin" name="selectHotel" time="1.053"/>
  <testcase classname="com.AddactinProject.Addactin" name="book_hotel1" time="9.303"/>
  <testcase classname="com.AddactinProject.Addactin" name="closebrowser" time="0.483"/>
</testsuite> <!-- Default test -->
