<?xml version="1.0" encoding="UTF-8"?>
<testng-results ignored="0" total="6" passed="6" failed="0" skipped="0">
  <reporter-output>
  </reporter-output>
  <suite started-at="2022-07-28T18:16:26 IST" name="Default suite" finished-at="2022-07-28T18:16:57 IST" duration-ms="30766">
    <groups>
    </groups>
    <test started-at="2022-07-28T18:16:26 IST" name="Default test" finished-at="2022-07-28T18:16:57 IST" duration-ms="30766">
      <class name="com.AddactinProject.Addactin">
        <test-method signature="setproperty()[pri:1, instance:com.AddactinProject.Addactin@545607f2]" started-at="2022-07-28T18:16:26 IST" name="setproperty" finished-at="2022-07-28T18:16:38 IST" duration-ms="11349" status="PASS">
          <reporter-output>
          </reporter-output>
        </test-method> <!-- setproperty -->
        <test-method signature="book_hotel()[pri:2, instance:com.AddactinProject.Addactin@545607f2]" started-at="2022-07-28T18:16:38 IST" name="book_hotel" finished-at="2022-07-28T18:16:42 IST" duration-ms="3744" status="PASS">
          <reporter-output>
          </reporter-output>
        </test-method> <!-- book_hotel -->
        <test-method signature="search()[pri:3, instance:com.AddactinProject.Addactin@545607f2]" started-at="2022-07-28T18:16:42 IST" name="search" finished-at="2022-07-28T18:16:46 IST" duration-ms="4685" status="PASS">
          <reporter-output>
          </reporter-output>
        </test-method> <!-- search -->
        <test-method signature="selectHotel()[pri:4, instance:com.AddactinProject.Addactin@545607f2]" started-at="2022-07-28T18:16:46 IST" name="selectHotel" finished-at="2022-07-28T18:16:47 IST" duration-ms="1053" status="PASS">
          <reporter-output>
          </reporter-output>
        </test-method> <!-- selectHotel -->
        <test-method signature="book_hotel1()[pri:5, instance:com.AddactinProject.Addactin@545607f2]" started-at="2022-07-28T18:16:47 IST" name="book_hotel1" finished-at="2022-07-28T18:16:57 IST" duration-ms="9303" status="PASS">
          <reporter-output>
          </reporter-output>
        </test-method> <!-- book_hotel1 -->
        <test-method signature="closebrowser()[pri:6, instance:com.AddactinProject.Addactin@545607f2]" started-at="2022-07-28T18:16:57 IST" name="closebrowser" finished-at="2022-07-28T18:16:57 IST" duration-ms="483" status="PASS">
          <reporter-output>
          </reporter-output>
        </test-method> <!-- closebrowser -->
      </class> <!-- com.AddactinProject.Addactin -->
    </test> <!-- Default test -->
  </suite> <!-- Default suite -->
</testng-results>
